<?xml version="1.0" encoding="UTF-8"?>
<TestRun id="fd534d00-9c8d-4c09-8ac0-5da5f5037a18" name="taylordl@PARXZTWF 2013-07-01 14:17:27" runUser="CORALEIGH\taylordl" xmlns="http://microsoft.com/schemas/VisualStudio/TeamTest/2010">
  <TestSettings name="Default Test Settings" id="d34561d4-1f83-4754-bf7b-43ece22b0cfb">
    <Deployment runDeploymentRoot="taylordl_PARXZTWF 2013-07-01 14_17_27">
      <DeploymentItem filename="c:\documents and settings\taylordl\my documents\visual studio 2010\Projects\Evaluations\Evaluations\bin\Evaluations.dll" />
    </Deployment>
    <Execution>
      <TestTypeSpecific />
      <AgentRule name="Execution Agents">
      </AgentRule>
    </Execution>
  </TestSettings>
  <Times creation="2013-07-01T14:17:27.1187478-04:00" queuing="2013-07-01T14:17:27.2593728-04:00" start="2013-07-01T14:17:27.2749978-04:00" finish="2013-07-01T14:17:27.4624978-04:00" />
  <ResultSummary outcome="Completed">
    <Counters total="2" executed="2" passed="2" error="0" failed="0" timeout="0" aborted="0" inconclusive="0" passedButRunAborted="0" notRunnable="0" notExecuted="0" disconnected="0" warning="0" completed="0" inProgress="0" pending="0" />
  </ResultSummary>
  <TestDefinitions>
    <UnitTest name="Index" storage="c:\documents and settings\taylordl\my documents\visual studio 2010\projects\evaluations\evaluations.tests\bin\debug\evaluations.tests.dll" id="6bc23f2c-496b-c627-cc8b-5d2a8c49d6b2">
      <Execution id="e3df8f10-13bb-418b-963b-b398639b8e75" />
      <TestMethod codeBase="c:/documents and settings/taylordl/my documents/visual studio 2010/Projects/Evaluations/Evaluations.Tests/bin/Debug/Evaluations.Tests.DLL" adapterTypeName="Microsoft.VisualStudio.TestTools.TestTypes.Unit.UnitTestAdapter, Microsoft.VisualStudio.QualityTools.Tips.UnitTest.Adapter, Version=10.0.0.0, Culture=neutral, PublicKeyToken=b03f5f7f11d50a3a" className="Evaluations.Tests.Controllers.HomeControllerTest, Evaluations.Tests, Version=1.0.0.0, Culture=neutral, PublicKeyToken=null" name="Index" />
    </UnitTest>
    <UnitTest name="About" storage="c:\documents and settings\taylordl\my documents\visual studio 2010\projects\evaluations\evaluations.tests\bin\debug\evaluations.tests.dll" id="b71cdc55-db0c-4083-68f7-c6ab51fb08c8">
      <Execution id="25596858-026d-4473-85e4-148502254c88" />
      <TestMethod codeBase="c:/documents and settings/taylordl/my documents/visual studio 2010/Projects/Evaluations/Evaluations.Tests/bin/Debug/Evaluations.Tests.DLL" adapterTypeName="Microsoft.VisualStudio.TestTools.TestTypes.Unit.UnitTestAdapter, Microsoft.VisualStudio.QualityTools.Tips.UnitTest.Adapter, Version=10.0.0.0, Culture=neutral, PublicKeyToken=b03f5f7f11d50a3a" className="Evaluations.Tests.Controllers.HomeControllerTest, Evaluations.Tests, Version=1.0.0.0, Culture=neutral, PublicKeyToken=null" name="About" />
    </UnitTest>
  </TestDefinitions>
  <TestLists>
    <TestList name="Results Not in a List" id="8c84fa94-04c1-424b-9868-57a2d4851a1d" />
    <TestList name="All Loaded Results" id="19431567-8539-422a-85d7-44ee4e166bda" />
  </TestLists>
  <TestEntries>
    <TestEntry testId="6bc23f2c-496b-c627-cc8b-5d2a8c49d6b2" executionId="e3df8f10-13bb-418b-963b-b398639b8e75" testListId="8c84fa94-04c1-424b-9868-57a2d4851a1d" />
    <TestEntry testId="b71cdc55-db0c-4083-68f7-c6ab51fb08c8" executionId="25596858-026d-4473-85e4-148502254c88" testListId="8c84fa94-04c1-424b-9868-57a2d4851a1d" />
  </TestEntries>
  <Results>
    <UnitTestResult executionId="e3df8f10-13bb-418b-963b-b398639b8e75" testId="6bc23f2c-496b-c627-cc8b-5d2a8c49d6b2" testName="Index" computerName="PARXZTWF" duration="00:00:00.0322578" startTime="2013-07-01T14:17:27.2749978-04:00" endTime="2013-07-01T14:17:27.4468728-04:00" testType="13cdc9d9-ddb5-4fa4-a97d-d965ccfc6d4b" outcome="Passed" testListId="8c84fa94-04c1-424b-9868-57a2d4851a1d" relativeResultsDirectory="e3df8f10-13bb-418b-963b-b398639b8e75">
    </UnitTestResult>
    <UnitTestResult executionId="25596858-026d-4473-85e4-148502254c88" testId="b71cdc55-db0c-4083-68f7-c6ab51fb08c8" testName="About" computerName="PARXZTWF" duration="00:00:00.0002862" startTime="2013-07-01T14:17:27.4468728-04:00" endTime="2013-07-01T14:17:27.4468728-04:00" testType="13cdc9d9-ddb5-4fa4-a97d-d965ccfc6d4b" outcome="Passed" testListId="8c84fa94-04c1-424b-9868-57a2d4851a1d" relativeResultsDirectory="25596858-026d-4473-85e4-148502254c88">
    </UnitTestResult>
  </Results>
</TestRun>