<?xml version="1.0" encoding="UTF-8"?>
<TestRun id="23fdd203-0550-41b5-8e2f-9139196f29ca" name="taylordl@PAR8B3DX 2012-02-23 12:29:16" runUser="CORALEIGH\taylordl" xmlns="http://microsoft.com/schemas/VisualStudio/TeamTest/2010">
  <TestSettings name="Default Test Settings" id="8db946c5-ebe9-4575-94fa-f9b6edaeecc9">
    <Deployment runDeploymentRoot="taylordl_PAR8B3DX 2012-02-23 12_29_16">
      <DeploymentItem filename="C:\Documents and Settings\taylordl\My Documents\Visual Studio 2010\Projects\GIT Survey\Survey\bin\Survey.dll" />
    </Deployment>
    <Execution>
      <TestTypeSpecific />
      <AgentRule name="Execution Agents">
      </AgentRule>
    </Execution>
  </TestSettings>
  <Times creation="2012-02-23T12:29:16.5792069-05:00" queuing="2012-02-23T12:29:23.7050277-05:00" start="2012-02-23T12:29:23.9238029-05:00" finish="2012-02-23T12:29:26.0334209-05:00" />
  <ResultSummary outcome="Failed">
    <Counters total="3" executed="2" error="0" failed="2" timeout="0" aborted="0" inconclusive="0" passedButRunAborted="0" notRunnable="1" notExecuted="0" disconnected="0" warning="0" passed="0" completed="0" inProgress="0" pending="0" />
  </ResultSummary>
  <TestDefinitions>
    <UnitTest name="About" storage="c:\documents and settings\taylordl\my documents\visual studio 2010\projects\git survey\survey.tests\bin\debug\survey.tests.dll" id="bd593069-be31-904c-7764-ec034852b360">
      <Execution id="96160385-a099-46aa-8633-7dc8a5785051" />
      <TestMethod codeBase="C:/Documents and Settings/taylordl/My Documents/Visual Studio 2010/Projects/GIT Survey/Survey.Tests/bin/Debug/Survey.Tests.DLL" adapterTypeName="Microsoft.VisualStudio.TestTools.TestTypes.Unit.UnitTestAdapter, Microsoft.VisualStudio.QualityTools.Tips.UnitTest.Adapter, Version=10.0.0.0, Culture=neutral, PublicKeyToken=b03f5f7f11d50a3a" className="Survey.Tests.Controllers.HomeControllerTest, Survey.Tests, Version=1.0.0.0, Culture=neutral, PublicKeyToken=null" name="About" />
    </UnitTest>
    <UnitTest name="Index" storage="c:\documents and settings\taylordl\my documents\visual studio 2010\projects\git survey\survey.tests\bin\debug\survey.tests.dll" id="86a90518-fb11-e41d-0d68-dcd9e6012fa8">
      <Execution id="619f31b9-d5d1-47c7-9654-21ec091a94e0" />
      <TestMethod codeBase="C:/Documents and Settings/taylordl/My Documents/Visual Studio 2010/Projects/GIT Survey/Survey.Tests/bin/Debug/Survey.Tests.DLL" adapterTypeName="Microsoft.VisualStudio.TestTools.TestTypes.Unit.UnitTestAdapter, Microsoft.VisualStudio.QualityTools.Tips.UnitTest.Adapter, Version=10.0.0.0, Culture=neutral, PublicKeyToken=b03f5f7f11d50a3a" className="Survey.Tests.Controllers.CourseControllerTest, Survey.Tests, Version=1.0.0.0, Culture=neutral, PublicKeyToken=null" name="Index" />
    </UnitTest>
    <UnitTest name="Index" storage="c:\documents and settings\taylordl\my documents\visual studio 2010\projects\git survey\survey.tests\bin\debug\survey.tests.dll" id="af92bbaa-abc7-58eb-50fb-3eaaccae0520">
      <Execution id="53de71b2-2675-4f5f-8892-20ba2f2080eb" />
      <TestMethod codeBase="C:/Documents and Settings/taylordl/My Documents/Visual Studio 2010/Projects/GIT Survey/Survey.Tests/bin/Debug/Survey.Tests.DLL" adapterTypeName="Microsoft.VisualStudio.TestTools.TestTypes.Unit.UnitTestAdapter, Microsoft.VisualStudio.QualityTools.Tips.UnitTest.Adapter, Version=10.0.0.0, Culture=neutral, PublicKeyToken=b03f5f7f11d50a3a" className="Survey.Tests.Controllers.HomeControllerTest, Survey.Tests, Version=1.0.0.0, Culture=neutral, PublicKeyToken=null" name="Index" />
    </UnitTest>
  </TestDefinitions>
  <TestLists>
    <TestList name="Results Not in a List" id="8c84fa94-04c1-424b-9868-57a2d4851a1d" />
    <TestList name="All Loaded Results" id="19431567-8539-422a-85d7-44ee4e166bda" />
  </TestLists>
  <TestEntries>
    <TestEntry testId="86a90518-fb11-e41d-0d68-dcd9e6012fa8" executionId="619f31b9-d5d1-47c7-9654-21ec091a94e0" testListId="8c84fa94-04c1-424b-9868-57a2d4851a1d" />
    <TestEntry testId="af92bbaa-abc7-58eb-50fb-3eaaccae0520" executionId="53de71b2-2675-4f5f-8892-20ba2f2080eb" testListId="8c84fa94-04c1-424b-9868-57a2d4851a1d" />
    <TestEntry testId="bd593069-be31-904c-7764-ec034852b360" executionId="96160385-a099-46aa-8633-7dc8a5785051" testListId="8c84fa94-04c1-424b-9868-57a2d4851a1d" />
  </TestEntries>
  <Results>
    <UnitTestResult executionId="619f31b9-d5d1-47c7-9654-21ec091a94e0" testId="86a90518-fb11-e41d-0d68-dcd9e6012fa8" testName="Index" computerName="PAR8B3DX" testType="13cdc9d9-ddb5-4fa4-a97d-d965ccfc6d4b" outcome="NotRunnable" testListId="8c84fa94-04c1-424b-9868-57a2d4851a1d" relativeResultsDirectory="619f31b9-d5d1-47c7-9654-21ec091a94e0">
      <Output>
        <ErrorInfo>
          <Message>UTA004: Illegal use of attribute on Survey.Tests.Controllers.CourseControllerTest.Index. The TestMethodAttribute can be defined only inside a class marked with the TestClass attribute.</Message>
        </ErrorInfo>
      </Output>
    </UnitTestResult>
    <UnitTestResult executionId="53de71b2-2675-4f5f-8892-20ba2f2080eb" testId="af92bbaa-abc7-58eb-50fb-3eaaccae0520" testName="Index" computerName="PAR8B3DX" duration="00:00:00.8666196" startTime="2012-02-23T12:29:24.0644441-05:00" endTime="2012-02-23T12:29:25.9240333-05:00" testType="13cdc9d9-ddb5-4fa4-a97d-d965ccfc6d4b" outcome="Failed" testListId="8c84fa94-04c1-424b-9868-57a2d4851a1d" relativeResultsDirectory="53de71b2-2675-4f5f-8892-20ba2f2080eb">
      <Output>
        <ErrorInfo>
          <Message>Test method Survey.Tests.Controllers.HomeControllerTest.Index threw exception: 
System.ArgumentException: The specified named connection is either not found in the configuration, not intended to be used with the EntityClient provider, or not valid.</Message>
          <StackTrace>    at System.Data.EntityClient.EntityConnection.ChangeConnectionString(String newConnectionString)
   at System.Data.EntityClient.EntityConnection..ctor(String connectionString)
   at System.Data.Objects.ObjectContext.CreateEntityConnection(String connectionString)
   at System.Data.Objects.ObjectContext..ctor(String connectionString, String defaultContainerName)
   at Survey.Models.Survey_DBEntities..ctor() in C:\Documents and Settings\taylordl\My Documents\Visual Studio 2010\Projects\GIT Survey\Survey\Models\SurveyDB.Designer.cs:line 50
   at Survey.Controllers.HomeController..ctor() in C:\Documents and Settings\taylordl\My Documents\Visual Studio 2010\Projects\GIT Survey\Survey\Controllers\HomeController.cs:line 14
   at Survey.Tests.Controllers.HomeControllerTest.Index() in C:\Documents and Settings\taylordl\My Documents\Visual Studio 2010\Projects\GIT Survey\Survey.Tests\Controllers\HomeControllerTest.cs:line 19
</StackTrace>
        </ErrorInfo>
      </Output>
    </UnitTestResult>
    <UnitTestResult executionId="96160385-a099-46aa-8633-7dc8a5785051" testId="bd593069-be31-904c-7764-ec034852b360" testName="About" computerName="PAR8B3DX" duration="00:00:00.0015110" startTime="2012-02-23T12:29:25.9240333-05:00" endTime="2012-02-23T12:29:25.9396601-05:00" testType="13cdc9d9-ddb5-4fa4-a97d-d965ccfc6d4b" outcome="Failed" testListId="8c84fa94-04c1-424b-9868-57a2d4851a1d" relativeResultsDirectory="96160385-a099-46aa-8633-7dc8a5785051">
      <Output>
        <ErrorInfo>
          <Message>Test method Survey.Tests.Controllers.HomeControllerTest.About threw exception: 
System.ArgumentException: The specified named connection is either not found in the configuration, not intended to be used with the EntityClient provider, or not valid.</Message>
          <StackTrace>    at System.Data.EntityClient.EntityConnection.ChangeConnectionString(String newConnectionString)
   at System.Data.EntityClient.EntityConnection..ctor(String connectionString)
   at System.Data.Objects.ObjectContext.CreateEntityConnection(String connectionString)
   at System.Data.Objects.ObjectContext..ctor(String connectionString, String defaultContainerName)
   at Survey.Models.Survey_DBEntities..ctor() in C:\Documents and Settings\taylordl\My Documents\Visual Studio 2010\Projects\GIT Survey\Survey\Models\SurveyDB.Designer.cs:line 50
   at Survey.Controllers.HomeController..ctor() in C:\Documents and Settings\taylordl\My Documents\Visual Studio 2010\Projects\GIT Survey\Survey\Controllers\HomeController.cs:line 14
   at Survey.Tests.Controllers.HomeControllerTest.About() in C:\Documents and Settings\taylordl\My Documents\Visual Studio 2010\Projects\GIT Survey\Survey.Tests\Controllers\HomeControllerTest.cs:line 32
</StackTrace>
        </ErrorInfo>
      </Output>
    </UnitTestResult>
  </Results>
</TestRun>