<?xml version="1.0" encoding="UTF-8"?>
<TestRun id="dce4d3d9-63aa-4a6a-a184-1495de230426" name="taylordl@PARXZTWF 2013-07-01 14:05:48" runUser="CORALEIGH\taylordl" xmlns="http://microsoft.com/schemas/VisualStudio/TeamTest/2010">
  <TestSettings name="Default Test Settings" id="736355bf-2dcd-402b-982d-4f772c060c66">
    <Deployment runDeploymentRoot="taylordl_PARXZTWF 2013-07-01 14_05_48">
      <DeploymentItem filename="c:\documents and settings\taylordl\my documents\visual studio 2010\Projects\Evaluations\Evaluations\bin\Evaluations.dll" />
    </Deployment>
    <Execution>
      <TestTypeSpecific />
      <AgentRule name="Execution Agents">
      </AgentRule>
    </Execution>
  </TestSettings>
  <Times creation="2013-07-01T14:05:48.0286796-04:00" queuing="2013-07-01T14:05:49.7943159-04:00" start="2013-07-01T14:05:49.9349418-04:00" finish="2013-07-01T14:05:50.5443207-04:00" />
  <ResultSummary outcome="Completed">
    <Counters total="2" executed="2" passed="2" error="0" failed="0" timeout="0" aborted="0" inconclusive="0" passedButRunAborted="0" notRunnable="0" notExecuted="0" disconnected="0" warning="0" completed="0" inProgress="0" pending="0" />
  </ResultSummary>
  <TestDefinitions>
    <UnitTest name="Index" storage="c:\documents and settings\taylordl\my documents\visual studio 2010\projects\evaluations\evaluations.tests\bin\debug\evaluations.tests.dll" id="6bc23f2c-496b-c627-cc8b-5d2a8c49d6b2">
      <Execution id="a62e773c-ca94-4c74-bbdf-6653a39a18e2" />
      <TestMethod codeBase="c:/documents and settings/taylordl/my documents/visual studio 2010/Projects/Evaluations/Evaluations.Tests/bin/Debug/Evaluations.Tests.DLL" adapterTypeName="Microsoft.VisualStudio.TestTools.TestTypes.Unit.UnitTestAdapter, Microsoft.VisualStudio.QualityTools.Tips.UnitTest.Adapter, Version=10.0.0.0, Culture=neutral, PublicKeyToken=b03f5f7f11d50a3a" className="Evaluations.Tests.Controllers.HomeControllerTest, Evaluations.Tests, Version=1.0.0.0, Culture=neutral, PublicKeyToken=null" name="Index" />
    </UnitTest>
    <UnitTest name="About" storage="c:\documents and settings\taylordl\my documents\visual studio 2010\projects\evaluations\evaluations.tests\bin\debug\evaluations.tests.dll" id="b71cdc55-db0c-4083-68f7-c6ab51fb08c8">
      <Execution id="1176ae1f-82d0-4f88-9660-029fbe36be4a" />
      <TestMethod codeBase="c:/documents and settings/taylordl/my documents/visual studio 2010/Projects/Evaluations/Evaluations.Tests/bin/Debug/Evaluations.Tests.DLL" adapterTypeName="Microsoft.VisualStudio.TestTools.TestTypes.Unit.UnitTestAdapter, Microsoft.VisualStudio.QualityTools.Tips.UnitTest.Adapter, Version=10.0.0.0, Culture=neutral, PublicKeyToken=b03f5f7f11d50a3a" className="Evaluations.Tests.Controllers.HomeControllerTest, Evaluations.Tests, Version=1.0.0.0, Culture=neutral, PublicKeyToken=null" name="About" />
    </UnitTest>
  </TestDefinitions>
  <TestLists>
    <TestList name="Results Not in a List" id="8c84fa94-04c1-424b-9868-57a2d4851a1d" />
    <TestList name="All Loaded Results" id="19431567-8539-422a-85d7-44ee4e166bda" />
  </TestLists>
  <TestEntries>
    <TestEntry testId="6bc23f2c-496b-c627-cc8b-5d2a8c49d6b2" executionId="a62e773c-ca94-4c74-bbdf-6653a39a18e2" testListId="8c84fa94-04c1-424b-9868-57a2d4851a1d" />
    <TestEntry testId="b71cdc55-db0c-4083-68f7-c6ab51fb08c8" executionId="1176ae1f-82d0-4f88-9660-029fbe36be4a" testListId="8c84fa94-04c1-424b-9868-57a2d4851a1d" />
  </TestEntries>
  <Results>
    <UnitTestResult executionId="a62e773c-ca94-4c74-bbdf-6653a39a18e2" testId="6bc23f2c-496b-c627-cc8b-5d2a8c49d6b2" testName="Index" computerName="PARXZTWF" duration="00:00:00.1146065" startTime="2013-07-01T14:05:50.0130673-04:00" endTime="2013-07-01T14:05:50.4974454-04:00" testType="13cdc9d9-ddb5-4fa4-a97d-d965ccfc6d4b" outcome="Passed" testListId="8c84fa94-04c1-424b-9868-57a2d4851a1d" relativeResultsDirectory="a62e773c-ca94-4c74-bbdf-6653a39a18e2">
    </UnitTestResult>
    <UnitTestResult executionId="1176ae1f-82d0-4f88-9660-029fbe36be4a" testId="b71cdc55-db0c-4083-68f7-c6ab51fb08c8" testName="About" computerName="PARXZTWF" duration="00:00:00.0002197" startTime="2013-07-01T14:05:50.4974454-04:00" endTime="2013-07-01T14:05:50.4974454-04:00" testType="13cdc9d9-ddb5-4fa4-a97d-d965ccfc6d4b" outcome="Passed" testListId="8c84fa94-04c1-424b-9868-57a2d4851a1d" relativeResultsDirectory="1176ae1f-82d0-4f88-9660-029fbe36be4a">
    </UnitTestResult>
  </Results>
</TestRun>